<?xml version="1.0" encoding="UTF-8"?>
<testsuite name="edu.sm.security.SecurityTests2" tests="1" skipped="0" failures="0" errors="0" timestamp="2025-09-08T05:25:55.978Z" hostname="INCHEOL" time="0.022">
  <properties/>
  <testcase name="contextLoads()" classname="edu.sm.security.SecurityTests2" time="0.022"/>
  <system-out><![CDATA[2025-09-08T14:25:55.956+09:00  INFO 22680 --- [    Test worker] t.c.s.AnnotationConfigContextLoaderUtils : Could not detect default configuration classes for test class [edu.sm.security.SecurityTests2]: SecurityTests2 does not declare any static, non-private, non-final, nested classes annotated with @Configuration.
2025-09-08T14:25:55.972+09:00  INFO 22680 --- [    Test worker] .b.t.c.SpringBootTestContextBootstrapper : Found @SpringBootConfiguration edu.sm.ShopApplication for test class edu.sm.security.SecurityTests2
2025-09-08T14:25:55.995+09:00  INFO 22680 --- [    Test worker] edu.sm.security.SecurityTests2           : txt:서울시 강남구 역삼동 171번지
2025-09-08T14:25:55.995+09:00  INFO 22680 --- [    Test worker] edu.sm.security.SecurityTests2           : enTxt:yvUwLJGQVyohR0kjUQbdpbIULTro9FqYN7TiQSjBlkz80NW3vAjATEbb4y4FJHu1
2025-09-08T14:25:56.005+09:00  INFO 22680 --- [    Test worker] edu.sm.security.SecurityTests2           : decTxt:서울시 강남구 역삼동 171번지
]]></system-out>
  <system-err><![CDATA[]]></system-err>
</testsuite>
