<?xml version="1.0" encoding="UTF-8"?>
<testsuite name="edu.sm.cust.InsertTests" tests="1" skipped="0" failures="0" errors="0" timestamp="2025-09-08T05:25:53.451Z" hostname="INCHEOL" time="1.473">
  <properties/>
  <testcase name="contextLoads()" classname="edu.sm.cust.InsertTests" time="1.473"/>
  <system-out><![CDATA[2025-09-08T14:25:53.390+09:00  INFO 22680 --- [    Test worker] t.c.s.AnnotationConfigContextLoaderUtils : Could not detect default configuration classes for test class [edu.sm.cust.InsertTests]: InsertTests does not declare any static, non-private, non-final, nested classes annotated with @Configuration.
2025-09-08T14:25:53.421+09:00  INFO 22680 --- [    Test worker] .b.t.c.SpringBootTestContextBootstrapper : Found @SpringBootConfiguration edu.sm.ShopApplication for test class edu.sm.cust.InsertTests
2025-09-08T14:25:53.944+09:00  INFO 22680 --- [    Test worker] com.zaxxer.hikari.HikariDataSource       : HikariPool-1 - Starting...
2025-09-08T14:25:54.673+09:00  INFO 22680 --- [    Test worker] log4jdbc.log4j2                          : 1. Connection opened. {executed in 650ms} 
2025-09-08T14:25:54.673+09:00  INFO 22680 --- [    Test worker] log4jdbc.log4j2                          : 1. Connection.new Connection returned 
2025-09-08T14:25:54.681+09:00  INFO 22680 --- [    Test worker] log4jdbc.log4j2                          : 1. Connection.getNetworkTimeout() returned 0
2025-09-08T14:25:54.685+09:00  INFO 22680 --- [    Test worker] log4jdbc.log4j2                          : 1. Connection.isReadOnly() returned false
2025-09-08T14:25:54.688+09:00  INFO 22680 --- [    Test worker] log4jdbc.log4j2                          : 1. Connection.getAutoCommit() returned true
2025-09-08T14:25:54.691+09:00  INFO 22680 --- [    Test worker] log4jdbc.log4j2                          : 1. Connection.isValid(1) returned true
2025-09-08T14:25:54.691+09:00  INFO 22680 --- [    Test worker] log4jdbc.log4j2                          : 1. Connection.getTransactionIsolation() returned 4
2025-09-08T14:25:54.691+09:00  INFO 22680 --- [    Test worker] com.zaxxer.hikari.pool.HikariPool        : HikariPool-1 - Added connection net.sf.log4jdbc.sql.jdbcapi.ConnectionSpy@7dfab58d
2025-09-08T14:25:54.704+09:00  INFO 22680 --- [    Test worker] com.zaxxer.hikari.HikariDataSource       : HikariPool-1 - Start completed.
2025-09-08T14:25:54.704+09:00  INFO 22680 --- [    Test worker] log4jdbc.log4j2                          : 1. Connection.getAutoCommit() returned true
2025-09-08T14:25:54.721+09:00  INFO 22680 --- [    Test worker] log4jdbc.log4j2                          : 1. Connection.setAutoCommit(false) returned 
2025-09-08T14:25:54.762+09:00  INFO 22680 --- [    Test worker] log4jdbc.log4j2                          : 1. Connection.getAutoCommit() returned false
2025-09-08T14:25:54.815+09:00  INFO 22680 --- [    Test worker] log4jdbc.log4j2                          : 1. PreparedStatement.new PreparedStatement returned 
2025-09-08T14:25:54.815+09:00  INFO 22680 --- [    Test worker] log4jdbc.log4j2                          : 1. Connection.prepareStatement(INSERT INTO cust VALUES (?,?,?, ?, NOW(), NOW())) returned net.sf.log4jdbc.sql.jdbcapi.PreparedStatementSpy@4add4dff
2025-09-08T14:25:54.834+09:00  INFO 22680 --- [    Test worker] log4jdbc.log4j2                          : 1. PreparedStatement.setString(1, "id01") returned 
2025-09-08T14:25:54.843+09:00  INFO 22680 --- [    Test worker] log4jdbc.log4j2                          : 1. PreparedStatement.setString(2, "$2a$10$hi7oq/q8LvgmSuHV4PBcp.z7AEVqzGCMrbZsB5E3WSkH.XDOTPORC") returned 
2025-09-08T14:25:54.847+09:00  INFO 22680 --- [    Test worker] log4jdbc.log4j2                          : 1. PreparedStatement.setString(3, "이말숙") returned 
2025-09-08T14:25:54.849+09:00  INFO 22680 --- [    Test worker] log4jdbc.log4j2                          : 1. PreparedStatement.setString(4, "xd32BUVp2/ETS5IHN/aC1TQhbr21L9QZDZql2SX0EtI=") returned 
2025-09-08T14:25:54.879+09:00  INFO 22680 --- [    Test worker] log4jdbc.log4j2                          : 1. INSERT INTO cust VALUES ('id01','$2a$10$hi7oq/q8LvgmSuHV4PBcp.z7AEVqzGCMrbZsB5E3WSkH.XDOTPORC','이말숙', 
'xd32BUVp2/ETS5IHN/aC1TQhbr21L9QZDZql2SX0EtI=', NOW(), NOW())  {executed in 12 ms}
2025-09-08T14:25:54.879+09:00  INFO 22680 --- [    Test worker] log4jdbc.log4j2                          : 1. PreparedStatement.execute() returned false
2025-09-08T14:25:54.879+09:00  INFO 22680 --- [onnection adder] log4jdbc.log4j2                          : 2. Connection opened. {executed in 64ms} 
2025-09-08T14:25:54.879+09:00  INFO 22680 --- [    Test worker] log4jdbc.log4j2                          : 1. PreparedStatement.getUpdateCount() returned 1
2025-09-08T14:25:54.879+09:00  INFO 22680 --- [onnection adder] log4jdbc.log4j2                          : 2. Connection.new Connection returned 
2025-09-08T14:25:54.883+09:00  INFO 22680 --- [onnection adder] log4jdbc.log4j2                          : 2. Connection.isReadOnly() returned false
2025-09-08T14:25:54.883+09:00  INFO 22680 --- [onnection adder] log4jdbc.log4j2                          : 2. Connection.getAutoCommit() returned true
2025-09-08T14:25:54.885+09:00  INFO 22680 --- [    Test worker] log4jdbc.log4j2                          : 1. PreparedStatement.close() returned 
2025-09-08T14:25:54.896+09:00  INFO 22680 --- [    Test worker] log4jdbc.log4j2                          : 1. Connection.commit() returned 
2025-09-08T14:25:54.896+09:00  INFO 22680 --- [    Test worker] log4jdbc.log4j2                          : 1. Connection.setAutoCommit(true) returned 
2025-09-08T14:25:54.912+09:00  INFO 22680 --- [    Test worker] log4jdbc.log4j2                          : 1. Connection.clearWarnings() returned 
2025-09-08T14:25:54.912+09:00  INFO 22680 --- [    Test worker] edu.sm.cust.InsertTests                  : Inserted cust:Cust(custId=id01, custPwd=$2a$10$hi7oq/q8LvgmSuHV4PBcp.z7AEVqzGCMrbZsB5E3WSkH.XDOTPORC, custName=이말숙, custAddr=xd32BUVp2/ETS5IHN/aC1TQhbr21L9QZDZql2SX0EtI=, custRegdate=null, custUpdate=null)
]]></system-out>
  <system-err><![CDATA[]]></system-err>
</testsuite>
